#-----------------------------------------------------------
# Vivado v2020.2 (64-bit)
# SW Build 3064766 on Wed Nov 18 09:12:45 MST 2020
# IP Build 3064653 on Wed Nov 18 14:17:31 MST 2020
# Start of session at: Thu Jul  7 12:22:49 2022
# Process ID: 4996
# Current directory: C:/Users/Dusan/Desktop/vhdp_projekat/novo/pivot
# Command line: vivado.exe -gui_launcher_event rodinguilauncherevent5360 C:\Users\Dusan\Desktop\vhdp_projekat\novo\pivot\pivot.xpr
# Log file: C:/Users/Dusan/Desktop/vhdp_projekat/novo/pivot/vivado.log
# Journal file: C:/Users/Dusan/Desktop/vhdp_projekat/novo/pivot\vivado.jou
#-----------------------------------------------------------
start_gui
open_project C:/Users/Dusan/Desktop/vhdp_projekat/novo/pivot/pivot.xpr
INFO: [Project 1-313] Project file moved from 'C:/Users/Dusan/Desktop/projekat_radi/divider/pivot' since last save.
Scanning sources...
Finished scanning sources
INFO: [IP_Flow 19-234] Refreshing IP repositories
INFO: [IP_Flow 19-1700] Loaded user IP repository 'c:/Users/Dusan/Desktop/vhdp_projekat/novo/ip_repo/PIVOT_1.0'.
INFO: [IP_Flow 19-2313] Loaded Vivado IP repository 'E:/Xilinx/Vivado/2020.2/data/ip'.
open_project: Time (s): cpu = 00:01:53 ; elapsed = 00:00:38 . Memory (MB): peak = 1126.184 ; gain = 0.000
update_compile_order -fileset sources_1
open_bd_design {C:/Users/Dusan/Desktop/vhdp_projekat/novo/pivot/pivot.srcs/sources_1/bd/pivot/pivot.bd}
Reading block design file <C:/Users/Dusan/Desktop/vhdp_projekat/novo/pivot/pivot.srcs/sources_1/bd/pivot/pivot.bd>...
Adding component instance block -- xilinx.com:ip:processing_system7:5.5 - processing_system7_0
Adding component instance block -- xilinx.com:user:PIVOT:1.0 - PIVOT_0
Adding component instance block -- xilinx.com:ip:axi_interconnect:2.1 - ps7_0_axi_periph
Adding component instance block -- xilinx.com:ip:axi_protocol_converter:2.1 - auto_pc
Adding component instance block -- xilinx.com:ip:proc_sys_reset:5.0 - rst_ps7_0_100M
Successfully read diagram <pivot> from block design file <C:/Users/Dusan/Desktop/vhdp_projekat/novo/pivot/pivot.srcs/sources_1/bd/pivot/pivot.bd>
open_bd_design: Time (s): cpu = 00:00:57 ; elapsed = 00:00:32 . Memory (MB): peak = 1225.930 ; gain = 99.746
CRITICAL WARNING: [PSU-1]  Parameter : PCW_UIPARAM_DDR_DQS_TO_CLK_DELAY_0 has negative value -0.073 . PS DDR interfaces might fail when entering negative DQS skew values. 
CRITICAL WARNING: [PSU-2]  Parameter : PCW_UIPARAM_DDR_DQS_TO_CLK_DELAY_1 has negative value -0.034 . PS DDR interfaces might fail when entering negative DQS skew values. 
CRITICAL WARNING: [PSU-3]  Parameter : PCW_UIPARAM_DDR_DQS_TO_CLK_DELAY_2 has negative value -0.03 . PS DDR interfaces might fail when entering negative DQS skew values. 
CRITICAL WARNING: [PSU-4]  Parameter : PCW_UIPARAM_DDR_DQS_TO_CLK_DELAY_3 has negative value -0.082 . PS DDR interfaces might fail when entering negative DQS skew values. 
CRITICAL WARNING: [PSU-1]  Parameter : PCW_UIPARAM_DDR_DQS_TO_CLK_DELAY_0 has negative value -0.073 . PS DDR interfaces might fail when entering negative DQS skew values. 
CRITICAL WARNING: [PSU-2]  Parameter : PCW_UIPARAM_DDR_DQS_TO_CLK_DELAY_1 has negative value -0.034 . PS DDR interfaces might fail when entering negative DQS skew values. 
CRITICAL WARNING: [PSU-3]  Parameter : PCW_UIPARAM_DDR_DQS_TO_CLK_DELAY_2 has negative value -0.03 . PS DDR interfaces might fail when entering negative DQS skew values. 
CRITICAL WARNING: [PSU-4]  Parameter : PCW_UIPARAM_DDR_DQS_TO_CLK_DELAY_3 has negative value -0.082 . PS DDR interfaces might fail when entering negative DQS skew values. 
WARNING: [IP_Flow 19-474] Invalid Parameter 'Component_Name'
CRITICAL WARNING: [PSU-1]  Parameter : PCW_UIPARAM_DDR_DQS_TO_CLK_DELAY_0 has negative value -0.073 . PS DDR interfaces might fail when entering negative DQS skew values. 
CRITICAL WARNING: [PSU-2]  Parameter : PCW_UIPARAM_DDR_DQS_TO_CLK_DELAY_1 has negative value -0.034 . PS DDR interfaces might fail when entering negative DQS skew values. 
CRITICAL WARNING: [PSU-3]  Parameter : PCW_UIPARAM_DDR_DQS_TO_CLK_DELAY_2 has negative value -0.03 . PS DDR interfaces might fail when entering negative DQS skew values. 
CRITICAL WARNING: [PSU-4]  Parameter : PCW_UIPARAM_DDR_DQS_TO_CLK_DELAY_3 has negative value -0.082 . PS DDR interfaces might fail when entering negative DQS skew values. 
startgroup
set_property -dict [list CONFIG.PCW_FPGA0_PERIPHERAL_FREQMHZ {100}] [get_bd_cells processing_system7_0]
CRITICAL WARNING: [PSU-1]  Parameter : PCW_UIPARAM_DDR_DQS_TO_CLK_DELAY_0 has negative value -0.073 . PS DDR interfaces might fail when entering negative DQS skew values. 
CRITICAL WARNING: [PSU-2]  Parameter : PCW_UIPARAM_DDR_DQS_TO_CLK_DELAY_1 has negative value -0.034 . PS DDR interfaces might fail when entering negative DQS skew values. 
CRITICAL WARNING: [PSU-3]  Parameter : PCW_UIPARAM_DDR_DQS_TO_CLK_DELAY_2 has negative value -0.03 . PS DDR interfaces might fail when entering negative DQS skew values. 
CRITICAL WARNING: [PSU-4]  Parameter : PCW_UIPARAM_DDR_DQS_TO_CLK_DELAY_3 has negative value -0.082 . PS DDR interfaces might fail when entering negative DQS skew values. 
endgroup
save_bd_design
Wrote  : <C:\Users\Dusan\Desktop\vhdp_projekat\novo\pivot\pivot.srcs\sources_1\bd\pivot\pivot.bd> 
Wrote  : <C:/Users/Dusan/Desktop/vhdp_projekat/novo/pivot/pivot.srcs/sources_1/bd/pivot/ui/bd_7fb29ac2.ui> 
