#-----------------------------------------------------------
# Vivado v2020.2 (64-bit)
# SW Build 3064766 on Wed Nov 18 09:12:45 MST 2020
# IP Build 3064653 on Wed Nov 18 14:17:31 MST 2020
# Start of session at: Thu Jul  7 09:47:37 2022
# Process ID: 11584
# Current directory: C:/Users/Dusan/Desktop/projekat_radi/divider/pivot
# Command line: vivado.exe -gui_launcher_event rodinguilauncherevent7428 C:\Users\Dusan\Desktop\projekat_radi\divider\pivot\pivot.xpr
# Log file: C:/Users/Dusan/Desktop/projekat_radi/divider/pivot/vivado.log
# Journal file: C:/Users/Dusan/Desktop/projekat_radi/divider/pivot\vivado.jou
#-----------------------------------------------------------
start_gui
open_project C:/Users/Dusan/Desktop/projekat_radi/divider/pivot/pivot.xpr
Scanning sources...
Finished scanning sources
INFO: [IP_Flow 19-234] Refreshing IP repositories
INFO: [IP_Flow 19-1700] Loaded user IP repository 'c:/Users/Dusan/Desktop/projekat_radi/divider/ip_repo/PIVOT_1.0'.
INFO: [IP_Flow 19-2313] Loaded Vivado IP repository 'E:/Xilinx/Vivado/2020.2/data/ip'.
open_project: Time (s): cpu = 00:00:46 ; elapsed = 00:00:24 . Memory (MB): peak = 1126.219 ; gain = 0.000
update_compile_order -fileset sources_1
open_bd_design {C:/Users/Dusan/Desktop/projekat_radi/divider/pivot/pivot.srcs/sources_1/bd/pivot/pivot.bd}
Reading block design file <C:/Users/Dusan/Desktop/projekat_radi/divider/pivot/pivot.srcs/sources_1/bd/pivot/pivot.bd>...
Adding component instance block -- xilinx.com:ip:processing_system7:5.5 - processing_system7_0
Adding component instance block -- xilinx.com:user:PIVOT:1.0 - PIVOT_0
Adding component instance block -- xilinx.com:ip:axi_interconnect:2.1 - ps7_0_axi_periph
Adding component instance block -- xilinx.com:ip:axi_protocol_converter:2.1 - auto_pc
Adding component instance block -- xilinx.com:ip:proc_sys_reset:5.0 - rst_ps7_0_100M
Successfully read diagram <pivot> from block design file <C:/Users/Dusan/Desktop/projekat_radi/divider/pivot/pivot.srcs/sources_1/bd/pivot/pivot.bd>
open_bd_design: Time (s): cpu = 00:00:59 ; elapsed = 00:00:41 . Memory (MB): peak = 1251.582 ; gain = 125.363
exit
INFO: [Common 17-206] Exiting Vivado at Thu Jul  7 10:33:11 2022...
